2015-12-30 18:38:36.4542 [INFO] [Symbiote.Core.Program]: Symbiote is initializing... 
2015-12-30 18:38:36.6752 [TRACE] [Symbiote.Core.Program]: Intantiating platform... 
2015-12-30 18:38:39.5655 [TRACE] [Symbiote.Core.Program]: Platform instantiated. 
2015-12-30 18:38:39.5695 [INFO] [Symbiote.Core.Program]: Platform: Windows (Microsoft Windows NT 6.1.7601 Service Pack 1) 
2015-12-30 18:38:39.5695 [INFO] [Symbiote.Core.Program]: Loading plugins... 
2015-12-30 18:38:39.5695 [TRACE] [Symbiote.Core.Plugin.PluginManager]: Found plugin: Plugins\Symbiote.Plugin.Connector.UNIXPlatform.dll 
2015-12-30 18:38:39.5865 [TRACE] [Symbiote.Core.Plugin.PluginManager]: Attempting to determine assembly name... 
2015-12-30 18:38:39.5865 [TRACE] [Symbiote.Core.Plugin.PluginManager]: Validated assembly 'Symbiote.Plugin.Connector.UNIXPlatform, Version=1.0.0.0, Culture=neutral, PublicKeyToken=null'; attempting to load... 
2015-12-30 18:38:39.7455 [ERROR] [Symbiote.Core.Plugin.PluginManager]: Failed to load assembly from plugin file 'Plugins\Symbiote.Plugin.Connector.UNIXPlatform.dll'.  Ignoring. System.Reflection.ReflectionTypeLoadException: Unable to load one or more of the requested types. Retrieve the LoaderExceptions property for more information.
   at System.Reflection.RuntimeModule.GetTypes(RuntimeModule module)
   at System.Reflection.RuntimeModule.GetTypes()
   at System.Reflection.Assembly.GetTypes()
   at Symbiote.Core.Plugin.PluginManager.LoadPlugins(List`1 files, List`1 plugins) in C:\Users\JP\Desktop\Projects\Symbiote\Core\Plugin\Manager.cs:line 73
2015-12-30 18:38:39.7455 [TRACE] [Symbiote.Core.Plugin.PluginManager]: Found plugin: Plugins\Symbiote.Plugin.Connector.WindowsPlatform.dll 
2015-12-30 18:38:39.7595 [TRACE] [Symbiote.Core.Plugin.PluginManager]: Attempting to determine assembly name... 
2015-12-30 18:38:39.7595 [TRACE] [Symbiote.Core.Plugin.PluginManager]: Validated assembly 'Symbiote.Plugin.Connector.WindowsPlatform, Version=1.0.0.0, Culture=neutral, PublicKeyToken=null'; attempting to load... 
2015-12-30 18:38:39.7965 [INFO] [Symbiote.Core.Plugin.PluginManager]: Loaded plugin 'Plugins\Symbiote.Plugin.Connector.WindowsPlatform.dll' as type Symbiote.Plugin.Connector.WindowsPlatform.Plugin 
2015-12-30 18:38:39.8035 [INFO] [Symbiote.Core.Program]: Plugins loaded; connectors: 1; services: 0 
2015-12-30 18:38:39.8035 [INFO] [Symbiote.Core.Program]: Starting in interactive mode 
2015-12-30 18:38:39.8035 [INFO] [Symbiote.Core.Program]: Symbiote started. 
2015-12-30 18:38:39.8035 [INFO] [Symbiote.Core.Program]: Creating connector instances... 
2015-12-30 18:38:39.8225 [INFO] [Symbiote.Core.Program]: Plugin count: 1 
2015-12-30 18:38:39.8225 [INFO] [Symbiote.Core.Program]: Plugin: Symbiote.Plugin.Connector.WindowsPlatform.Plugin 
2015-12-30 18:38:51.2306 [INFO] [Symbiote.Core.Program]: Symbiote is initializing... 
2015-12-30 18:38:51.2876 [TRACE] [Symbiote.Core.Program]: Intantiating platform... 
2015-12-30 18:38:54.0279 [TRACE] [Symbiote.Core.Program]: Platform instantiated. 
2015-12-30 18:38:54.0339 [INFO] [Symbiote.Core.Program]: Platform: Windows (Microsoft Windows NT 6.1.7601 Service Pack 1) 
2015-12-30 18:38:54.0339 [INFO] [Symbiote.Core.Program]: Loading plugins... 
2015-12-30 18:38:54.0339 [TRACE] [Symbiote.Core.Plugin.PluginManager]: Found plugin: Plugins\Symbiote.Plugin.Connector.UNIXPlatform.dll 
2015-12-30 18:38:54.0509 [TRACE] [Symbiote.Core.Plugin.PluginManager]: Attempting to determine assembly name... 
2015-12-30 18:38:54.0509 [TRACE] [Symbiote.Core.Plugin.PluginManager]: Validated assembly 'Symbiote.Plugin.Connector.UNIXPlatform, Version=1.0.0.0, Culture=neutral, PublicKeyToken=null'; attempting to load... 
2015-12-30 18:38:54.2399 [ERROR] [Symbiote.Core.Plugin.PluginManager]: Failed to load assembly from plugin file 'Plugins\Symbiote.Plugin.Connector.UNIXPlatform.dll'.  Ignoring. System.Reflection.ReflectionTypeLoadException: Unable to load one or more of the requested types. Retrieve the LoaderExceptions property for more information.
   at System.Reflection.RuntimeModule.GetTypes(RuntimeModule module)
   at System.Reflection.RuntimeModule.GetTypes()
   at System.Reflection.Assembly.GetTypes()
   at Symbiote.Core.Plugin.PluginManager.LoadPlugins(List`1 files, List`1 plugins) in C:\Users\JP\Desktop\Projects\Symbiote\Core\Plugin\Manager.cs:line 73
2015-12-30 18:38:54.2589 [TRACE] [Symbiote.Core.Plugin.PluginManager]: Found plugin: Plugins\Symbiote.Plugin.Connector.WindowsPlatform.dll 
2015-12-30 18:38:54.2589 [TRACE] [Symbiote.Core.Plugin.PluginManager]: Attempting to determine assembly name... 
2015-12-30 18:38:54.2879 [TRACE] [Symbiote.Core.Plugin.PluginManager]: Validated assembly 'Symbiote.Plugin.Connector.WindowsPlatform, Version=1.0.0.0, Culture=neutral, PublicKeyToken=null'; attempting to load... 
2015-12-30 18:38:54.3079 [INFO] [Symbiote.Core.Plugin.PluginManager]: Loaded plugin 'Plugins\Symbiote.Plugin.Connector.WindowsPlatform.dll' as type Symbiote.Plugin.Connector.WindowsPlatform.Plugin 
2015-12-30 18:38:54.3129 [INFO] [Symbiote.Core.Program]: Plugins loaded; connectors: 1; services: 0 
2015-12-30 18:38:54.3129 [INFO] [Symbiote.Core.Program]: Starting in interactive mode 
2015-12-30 18:38:54.3129 [INFO] [Symbiote.Core.Program]: Symbiote started. 
2015-12-30 18:38:54.3300 [INFO] [Symbiote.Core.Program]: Creating connector instances... 
2015-12-30 18:38:54.3300 [INFO] [Symbiote.Core.Program]: Plugin count: 1 
2015-12-30 18:38:54.3300 [INFO] [Symbiote.Core.Program]: Plugin: Symbiote.Plugin.Connector.WindowsPlatform.Plugin 
