2015-12-30 18:45:13.3188 [INFO] [Symbiote.Core.Program]: Symbiote is initializing... 
2015-12-30 18:45:13.4849 [TRACE] [Symbiote.Core.Program]: Intantiating platform... 
2015-12-30 18:45:16.1931 [TRACE] [Symbiote.Core.Program]: Platform instantiated. 
2015-12-30 18:45:16.2041 [INFO] [Symbiote.Core.Program]: Platform: Windows (Microsoft Windows NT 6.1.7601 Service Pack 1) 
2015-12-30 18:45:16.2041 [INFO] [Symbiote.Core.Program]: Loading plugins... 
2015-12-30 18:45:16.2041 [TRACE] [Symbiote.Core.Plugin.PluginManager]: Found plugin: Plugins\Symbiote.Plugin.Connector.UNIXPlatform.dll 
2015-12-30 18:45:16.2221 [TRACE] [Symbiote.Core.Plugin.PluginManager]: Attempting to determine assembly name... 
2015-12-30 18:45:16.2221 [TRACE] [Symbiote.Core.Plugin.PluginManager]: Validated assembly 'Symbiote.Plugin.Connector.UNIXPlatform, Version=1.0.0.0, Culture=neutral, PublicKeyToken=null'; attempting to load... 
2015-12-30 18:45:16.3992 [ERROR] [Symbiote.Core.Plugin.PluginManager]: Failed to load assembly from plugin file 'Plugins\Symbiote.Plugin.Connector.UNIXPlatform.dll'.  Ignoring. System.Reflection.ReflectionTypeLoadException: Unable to load one or more of the requested types. Retrieve the LoaderExceptions property for more information.
   at System.Reflection.RuntimeModule.GetTypes(RuntimeModule module)
   at System.Reflection.RuntimeModule.GetTypes()
   at System.Reflection.Assembly.GetTypes()
   at Symbiote.Core.Plugin.PluginManager.LoadPlugins(List`1 files, List`1 plugins) in C:\Users\JP\Desktop\Projects\Symbiote\Core\Plugin\Manager.cs:line 73
2015-12-30 18:45:16.4072 [TRACE] [Symbiote.Core.Plugin.PluginManager]: Found plugin: Plugins\Symbiote.Plugin.Connector.WindowsPlatform.dll 
2015-12-30 18:45:16.4072 [TRACE] [Symbiote.Core.Plugin.PluginManager]: Attempting to determine assembly name... 
2015-12-30 18:45:16.4332 [TRACE] [Symbiote.Core.Plugin.PluginManager]: Validated assembly 'Symbiote.Plugin.Connector.WindowsPlatform, Version=1.0.0.0, Culture=neutral, PublicKeyToken=null'; attempting to load... 
2015-12-30 18:45:16.4552 [INFO] [Symbiote.Core.Plugin.PluginManager]: Loaded plugin 'Plugins\Symbiote.Plugin.Connector.WindowsPlatform.dll' as type Symbiote.Plugin.Connector.WindowsPlatform.Plugin 
2015-12-30 18:45:16.4552 [INFO] [Symbiote.Core.Program]: Plugins loaded; connectors: 1; services: 0 
2015-12-30 18:45:16.4552 [INFO] [Symbiote.Core.Program]: Starting in interactive mode 
2015-12-30 18:45:16.4702 [INFO] [Symbiote.Core.Program]: Symbiote started. 
2015-12-30 18:45:16.4702 [INFO] [Symbiote.Core.Program]: Creating connector instances... 
2015-12-30 18:45:16.4702 [INFO] [Symbiote.Core.Program]: Plugin count: 1 
2015-12-30 18:45:16.4702 [INFO] [Symbiote.Core.Program]: Plugin: Symbiote.Plugin.Connector.WindowsPlatform.Plugin 
2015-12-30 18:45:16.4892 [INFO] [Symbiote.Core.Program]: level: 0 Item: SymbiotePlugin 
2015-12-30 18:45:16.4892 [INFO] [Symbiote.Core.Program]: level: 1 Item: Name 
2015-12-30 18:45:16.4892 [INFO] [Symbiote.Core.Program]: level: 1 Item: Namespace 
2015-12-30 18:45:16.5012 [INFO] [Symbiote.Core.Program]: level: 1 Item: PluginType 
2015-12-30 18:45:16.5012 [INFO] [Symbiote.Core.Program]: Connector instances created. 
2015-12-30 18:45:16.5012 [INFO] [Symbiote.Core.Program]: Symbiote is starting... 
2015-12-30 18:45:16.5012 [INFO] [Symbiote.Core.Program]: Platform: Windows (Microsoft Windows NT 6.1.7601 Service Pack 1) 
2015-12-30 18:45:16.5182 [INFO] [Symbiote.Core.Program]: CPU %: 93.8101043701172 
2015-12-30 18:45:16.5182 [INFO] [Symbiote.Core.Program]: RAM: 1270 
2015-12-30 18:45:16.5182 [INFO] [Symbiote.Core.Program]: Drive: C:\ 
2015-12-30 18:45:16.5312 [INFO] [Symbiote.Core.Program]: Path: C:\ 
2015-12-30 18:45:16.5312 [INFO] [Symbiote.Core.Program]: Type: Fixed 
2015-12-30 18:45:16.5312 [INFO] [Symbiote.Core.Program]: Total Size: 250056011776 
2015-12-30 18:45:16.5312 [INFO] [Symbiote.Core.Program]: Used Space: 183911870464 
2015-12-30 18:45:16.5472 [INFO] [Symbiote.Core.Program]: Free Space: 66144141312 
2015-12-30 18:45:16.5472 [INFO] [Symbiote.Core.Program]: % Used: 73.5482699087227% 
2015-12-30 18:45:16.5472 [INFO] [Symbiote.Core.Program]: % Free: 26.4517300912773% 
2015-12-30 18:45:23.5189 [INFO] [Symbiote.Core.Program]: Symbiote stopped. 
