2015-12-30 18:44:32.0097 [INFO] [Symbiote.Core.Program]: Symbiote is initializing... 
2015-12-30 18:44:32.4078 [TRACE] [Symbiote.Core.Program]: Intantiating platform... 
2015-12-30 18:44:35.2520 [TRACE] [Symbiote.Core.Program]: Platform instantiated. 
2015-12-30 18:44:35.2520 [INFO] [Symbiote.Core.Program]: Platform: Windows (Microsoft Windows NT 6.1.7601 Service Pack 1) 
2015-12-30 18:44:35.2520 [INFO] [Symbiote.Core.Program]: Loading plugins... 
2015-12-30 18:44:35.2670 [TRACE] [Symbiote.Core.Plugin.PluginManager]: Found plugin: Plugins\Symbiote.Plugin.Connector.UNIXPlatform.dll 
2015-12-30 18:44:35.2670 [TRACE] [Symbiote.Core.Plugin.PluginManager]: Attempting to determine assembly name... 
2015-12-30 18:44:35.2670 [TRACE] [Symbiote.Core.Plugin.PluginManager]: Validated assembly 'Symbiote.Plugin.Connector.UNIXPlatform, Version=1.0.0.0, Culture=neutral, PublicKeyToken=null'; attempting to load... 
2015-12-30 18:44:35.4571 [ERROR] [Symbiote.Core.Plugin.PluginManager]: Failed to load assembly from plugin file 'Plugins\Symbiote.Plugin.Connector.UNIXPlatform.dll'.  Ignoring. System.Reflection.ReflectionTypeLoadException: Unable to load one or more of the requested types. Retrieve the LoaderExceptions property for more information.
   at System.Reflection.RuntimeModule.GetTypes(RuntimeModule module)
   at System.Reflection.RuntimeModule.GetTypes()
   at System.Reflection.Assembly.GetTypes()
   at Symbiote.Core.Plugin.PluginManager.LoadPlugins(List`1 files, List`1 plugins) in C:\Users\JP\Desktop\Projects\Symbiote\Core\Plugin\Manager.cs:line 73
2015-12-30 18:44:35.4971 [TRACE] [Symbiote.Core.Plugin.PluginManager]: Found plugin: Plugins\Symbiote.Plugin.Connector.WindowsPlatform.dll 
2015-12-30 18:44:35.5051 [TRACE] [Symbiote.Core.Plugin.PluginManager]: Attempting to determine assembly name... 
2015-12-30 18:44:35.5051 [TRACE] [Symbiote.Core.Plugin.PluginManager]: Validated assembly 'Symbiote.Plugin.Connector.WindowsPlatform, Version=1.0.0.0, Culture=neutral, PublicKeyToken=null'; attempting to load... 
2015-12-30 18:44:35.5231 [INFO] [Symbiote.Core.Plugin.PluginManager]: Loaded plugin 'Plugins\Symbiote.Plugin.Connector.WindowsPlatform.dll' as type Symbiote.Plugin.Connector.WindowsPlatform.Plugin 
2015-12-30 18:44:35.5231 [INFO] [Symbiote.Core.Program]: Plugins loaded; connectors: 1; services: 0 
2015-12-30 18:44:35.5331 [INFO] [Symbiote.Core.Program]: Starting in interactive mode 
2015-12-30 18:44:35.5331 [INFO] [Symbiote.Core.Program]: Symbiote started. 
2015-12-30 18:44:35.5331 [INFO] [Symbiote.Core.Program]: Creating connector instances... 
2015-12-30 18:44:35.5331 [INFO] [Symbiote.Core.Program]: Plugin count: 1 
2015-12-30 18:44:35.5501 [INFO] [Symbiote.Core.Program]: Plugin: Symbiote.Plugin.Connector.WindowsPlatform.Plugin 
2015-12-30 18:44:35.5501 [INFO] [Symbiote.Core.Program]: level: 0 Item: SymbiotePlugin 
2015-12-30 18:44:35.5501 [INFO] [Symbiote.Core.Program]: Connector instances created. 
2015-12-30 18:44:35.5661 [INFO] [Symbiote.Core.Program]: Symbiote is starting... 
2015-12-30 18:44:35.5661 [INFO] [Symbiote.Core.Program]: Platform: Windows (Microsoft Windows NT 6.1.7601 Service Pack 1) 
2015-12-30 18:44:35.5661 [INFO] [Symbiote.Core.Program]: CPU %: 28.8161659240723 
2015-12-30 18:44:35.5791 [INFO] [Symbiote.Core.Program]: RAM: 1272 
2015-12-30 18:44:35.5791 [INFO] [Symbiote.Core.Program]: Drive: C:\ 
2015-12-30 18:44:35.5791 [INFO] [Symbiote.Core.Program]: Path: C:\ 
2015-12-30 18:44:35.5951 [INFO] [Symbiote.Core.Program]: Type: Fixed 
2015-12-30 18:44:35.5951 [INFO] [Symbiote.Core.Program]: Total Size: 250056011776 
2015-12-30 18:44:35.5951 [INFO] [Symbiote.Core.Program]: Used Space: 183912640512 
2015-12-30 18:44:35.6131 [INFO] [Symbiote.Core.Program]: Free Space: 66143371264 
2015-12-30 18:44:35.6131 [INFO] [Symbiote.Core.Program]: % Used: 73.5485778589274% 
2015-12-30 18:44:35.6321 [INFO] [Symbiote.Core.Program]: % Free: 26.4514221410726% 
2015-12-30 18:44:42.5418 [INFO] [Symbiote.Core.Program]: Symbiote stopped. 
